  MiniginPCH.cpp
  AutokillComponent.cpp
  DigDugApplication.cpp
  Button.cpp
  DigDugEnemyComponent.cpp
  DigDugGridComponent.cpp
  DigDugMenuScene.cpp
  DigDugMovementComponent.cpp
  DigDugMultiplayerScene.cpp
  DigDugPauseScene.cpp
  DigDugPlayerComponent.cpp
  DigDugSingleplayerScene.cpp
  DigDugVersusScene.cpp
  EnemyManager.cpp
  EnemyParts.cpp
  EnemyScoreObserver.cpp
  EnemyController.cpp
  GameButtons.cpp
  GameFSMStates.cpp
  LevelLoader.cpp
  ObserverManager.cpp
  Generating Code...
  Compiling...
  ObstacleParts.cpp
  GameFiles.cpp
  GameInputCommands.cpp
  Main.cpp
  ObstacleScoreObserver.cpp
  PlayerManager.cpp
  PlayerParts.cpp
  PumpParts.cpp
  ScoreObserver.cpp
  Generating Code...
     Creating library C:\Users\Tom\Desktop\Programming 4\Programming-4-Minigin\Minigin\Win32\Debug\Minigin.lib and object C:\Users\Tom\Desktop\Programming 4\Programming-4-Minigin\Minigin\Win32\Debug\Minigin.exp
  Minigin.vcxproj -> C:\Users\Tom\Desktop\Programming 4\Programming-4-Minigin\Minigin\Win32\Debug\Minigin.exe
  C:\Users\Tom\Desktop\Programming 4\Programming-4-Minigin\Minigin\3rdParty\SDL2\lib\x86\SDL2.dll
  1 File(s) copied
  C:\Users\Tom\Desktop\Programming 4\Programming-4-Minigin\Minigin\3rdParty\SDL2_image\lib\x86\libjpeg-9.dll
  C:\Users\Tom\Desktop\Programming 4\Programming-4-Minigin\Minigin\3rdParty\SDL2_image\lib\x86\libpng16-16.dll
  C:\Users\Tom\Desktop\Programming 4\Programming-4-Minigin\Minigin\3rdParty\SDL2_image\lib\x86\libtiff-5.dll
  C:\Users\Tom\Desktop\Programming 4\Programming-4-Minigin\Minigin\3rdParty\SDL2_image\lib\x86\libwebp-7.dll
  C:\Users\Tom\Desktop\Programming 4\Programming-4-Minigin\Minigin\3rdParty\SDL2_image\lib\x86\SDL2_image.dll
  C:\Users\Tom\Desktop\Programming 4\Programming-4-Minigin\Minigin\3rdParty\SDL2_image\lib\x86\zlib1.dll
  6 File(s) copied
  C:\Users\Tom\Desktop\Programming 4\Programming-4-Minigin\Minigin\3rdParty\SDL2_ttf\lib\x86\libfreetype-6.dll
  C:\Users\Tom\Desktop\Programming 4\Programming-4-Minigin\Minigin\3rdParty\SDL2_ttf\lib\x86\SDL2_ttf.dll
  2 File(s) copied
